<?xml version="1.0" encoding="UTF-8"?>
<testsuite name="MyJunit" tests="1" skipped="0" failures="0" errors="0" timestamp="2022-01-14T10:34:16" hostname="DESKTOP-39CJFFC" time="49.139">
  <properties/>
  <testcase name="checkifElementExists" classname="MyJunit" time="49.139"/>
  <system-out><![CDATA[]]></system-out>
  <system-err><![CDATA[SLF4J: Failed to load class "org.slf4j.impl.StaticLoggerBinder".
SLF4J: Defaulting to no-operation (NOP) logger implementation
SLF4J: See http://www.slf4j.org/codes.html#StaticLoggerBinder for further details.
1642156459109	geckodriver	INFO	Listening on 127.0.0.1:57309
1642156459811	mozrunner::runner	INFO	Running command: "C:\\Program Files\\Mozilla Firefox\\firefox.exe" "--marionette" "--headed" "--remote-debugging-port" "63918" "-no-remote" "-profile" "C:\\Users\\HELALK~1\\AppData\\Local\\Temp\\rust_mozprofileejjUoD"
1642156464714	Marionette	INFO	Marionette enabled
console.warn: SearchSettings: "get: No settings file exists, new profile?" (new NotFoundError("Could not open the file at C:\\Users\\Helal Khan\\AppData\\Local\\Temp\\rust_mozprofileejjUoD\\search.json.mozlz4", (void 0)))
DevTools listening on ws://localhost:63918/devtools/browser/9e56bc9c-a522-47e8-9a17-f9093d77955e
1642156484045	Marionette	INFO	Listening on port 10719
1642156484761	RemoteAgent	WARN	TLS certificate errors will be ignored for this session
Jan 14, 2022 4:34:45 PM org.openqa.selenium.remote.ProtocolHandshake createSession
INFO: Detected dialect: W3C
JavaScript warning: https://pagead2.googlesyndication.com/bg/u1NYxsmA8ZVAu2sVzPZBh4qj2FMOPiJd8uWeqwBcPdE.js line 1 > eval line 5720 > eval, line 1: WEBGL_debug_renderer_info is deprecated in Firefox and will be removed. Please use RENDERER.
JavaScript warning: https://pagead2.googlesyndication.com/bg/u1NYxsmA8ZVAu2sVzPZBh4qj2FMOPiJd8uWeqwBcPdE.js line 1 > eval line 5366 > eval line 1 > eval, line 1: WEBGL_debug_renderer_info is deprecated in Firefox and will be removed. Please use RENDERER.
Jan 14, 2022 4:35:03 PM org.openqa.selenium.devtools.CdpVersionFinder findNearestMatch
INFO: Found exact CDP implementation for version 85
1642156503144	Marionette	INFO	Stopped listening on port 10719
[Parent 10084, IPC I/O Parent] WARNING: file /builds/worker/checkouts/gecko/ipc/chromium/src/base/process_util_win.cc:167
JavaScript error: , line 0: TypeError: NetworkError when attempting to fetch resource.
[Parent 10084, IPC I/O Parent] WARNING: file /builds/worker/checkouts/gecko/ipc/chromium/src/base/process_util_win.cc:167

###!!! [Parent][RunMessage] Error: Channel closing: too late to send/recv, messages will be lost

]]></system-err>
</testsuite>
